<?xml version="1.0" encoding="UTF-8"?>
<coverage generated="1554652861113" clover="3.2.0">
  <project timestamp="1554652861114" name="All files">
    <metrics statements="51" coveredstatements="36" conditionals="8" coveredconditionals="4" methods="24" coveredmethods="14" elements="83" coveredelements="54" complexity="0" loc="51" ncloc="51" packages="1" files="8" classes="8"/>
    <file name="App.jsx" path="/Users/MarissaShieh/Desktop/Hack Reactor/FEC/reviews_module/client/components/App.jsx">
      <metrics statements="14" coveredstatements="8" conditionals="4" coveredconditionals="1" methods="7" coveredmethods="3"/>
      <line num="12" count="1" type="stmt"/>
      <line num="13" count="1" type="stmt"/>
      <line num="28" count="1" type="stmt"/>
      <line num="29" count="1" type="stmt"/>
      <line num="33" count="1" type="stmt"/>
      <line num="35" count="0" type="stmt"/>
      <line num="42" count="0" type="stmt"/>
      <line num="47" count="0" type="stmt"/>
      <line num="55" count="0" type="cond" truecount="0" falsecount="2"/>
      <line num="56" count="0" type="stmt"/>
      <line num="64" count="1" type="cond" truecount="1" falsecount="1"/>
      <line num="65" count="0" type="stmt"/>
      <line num="67" count="1" type="stmt"/>
      <line num="70" count="1" type="stmt"/>
    </file>
    <file name="Rating.jsx" path="/Users/MarissaShieh/Desktop/Hack Reactor/FEC/reviews_module/client/components/Rating.jsx">
      <metrics statements="1" coveredstatements="1" conditionals="0" coveredconditionals="0" methods="1" coveredmethods="1"/>
      <line num="4" count="1" type="stmt"/>
    </file>
    <file name="Ratings.jsx" path="/Users/MarissaShieh/Desktop/Hack Reactor/FEC/reviews_module/client/components/Ratings.jsx">
      <metrics statements="15" coveredstatements="15" conditionals="4" coveredconditionals="3" methods="2" coveredmethods="2"/>
      <line num="6" count="1" type="cond" truecount="3" falsecount="1"/>
      <line num="7" count="1" type="stmt"/>
      <line num="9" count="1" type="stmt"/>
      <line num="11" count="1" type="stmt"/>
      <line num="15" count="2" type="stmt"/>
      <line num="16" count="2" type="stmt"/>
      <line num="17" count="2" type="stmt"/>
      <line num="18" count="2" type="stmt"/>
      <line num="19" count="2" type="stmt"/>
      <line num="20" count="2" type="stmt"/>
      <line num="23" count="1" type="stmt"/>
      <line num="24" count="1" type="stmt"/>
      <line num="25" count="1" type="stmt"/>
      <line num="33" count="1" type="stmt"/>
      <line num="36" count="1" type="stmt"/>
    </file>
    <file name="Review.jsx" path="/Users/MarissaShieh/Desktop/Hack Reactor/FEC/reviews_module/client/components/Review.jsx">
      <metrics statements="4" coveredstatements="4" conditionals="0" coveredconditionals="0" methods="2" coveredmethods="2"/>
      <line num="7" count="1" type="stmt"/>
      <line num="8" count="1" type="stmt"/>
      <line num="9" count="1" type="stmt"/>
      <line num="12" count="1" type="stmt"/>
    </file>
    <file name="Reviews.jsx" path="/Users/MarissaShieh/Desktop/Hack Reactor/FEC/reviews_module/client/components/Reviews.jsx">
      <metrics statements="2" coveredstatements="2" conditionals="0" coveredconditionals="0" methods="2" coveredmethods="2"/>
      <line num="5" count="1" type="stmt"/>
      <line num="8" count="2" type="stmt"/>
    </file>
    <file name="Search.jsx" path="/Users/MarissaShieh/Desktop/Hack Reactor/FEC/reviews_module/client/components/Search.jsx">
      <metrics statements="11" coveredstatements="3" conditionals="0" coveredconditionals="0" methods="7" coveredmethods="2"/>
      <line num="5" count="1" type="stmt"/>
      <line num="6" count="1" type="stmt"/>
      <line num="12" count="0" type="stmt"/>
      <line num="13" count="0" type="stmt"/>
      <line num="14" count="0" type="stmt"/>
      <line num="15" count="0" type="stmt"/>
      <line num="20" count="0" type="stmt"/>
      <line num="24" count="0" type="stmt"/>
      <line num="30" count="1" type="stmt"/>
      <line num="31" count="0" type="stmt"/>
      <line num="32" count="0" type="stmt"/>
    </file>
    <file name="SearchStats.jsx" path="/Users/MarissaShieh/Desktop/Hack Reactor/FEC/reviews_module/client/components/SearchStats.jsx">
      <metrics statements="3" coveredstatements="2" conditionals="0" coveredconditionals="0" methods="2" coveredmethods="1"/>
      <line num="4" count="1" type="stmt"/>
      <line num="5" count="0" type="stmt"/>
      <line num="8" count="1" type="stmt"/>
    </file>
    <file name="TotalReviews.jsx" path="/Users/MarissaShieh/Desktop/Hack Reactor/FEC/reviews_module/client/components/TotalReviews.jsx">
      <metrics statements="1" coveredstatements="1" conditionals="0" coveredconditionals="0" methods="1" coveredmethods="1"/>
      <line num="4" count="1" type="stmt"/>
    </file>
  </project>
</coverage>
