{"/Users/MarissaShieh/Desktop/Hack Reactor/FEC/reviews_module/client/components/App.jsx": {"path":"/Users/MarissaShieh/Desktop/Hack Reactor/FEC/reviews_module/client/components/App.jsx","statementMap":{"0":{"start":{"line":10,"column":4},"end":{"line":10,"column":17}},"1":{"start":{"line":11,"column":4},"end":{"line":15,"column":6}},"2":{"start":{"line":20,"column":4},"end":{"line":20,"column":42}},"3":{"start":{"line":21,"column":4},"end":{"line":31,"column":9}},"4":{"start":{"line":23,"column":8},"end":{"line":23,"column":41}},"5":{"start":{"line":24,"column":8},"end":{"line":27,"column":11}},"6":{"start":{"line":30,"column":8},"end":{"line":30,"column":63}},"7":{"start":{"line":41,"column":4},"end":{"line":48,"column":6}}},"fnMap":{"0":{"name":"(anonymous_0)","decl":{"start":{"line":9,"column":2},"end":{"line":9,"column":3}},"loc":{"start":{"line":9,"column":21},"end":{"line":17,"column":3}},"line":9},"1":{"name":"(anonymous_1)","decl":{"start":{"line":19,"column":2},"end":{"line":19,"column":3}},"loc":{"start":{"line":19,"column":22},"end":{"line":32,"column":3}},"line":19},"2":{"name":"(anonymous_2)","decl":{"start":{"line":22,"column":12},"end":{"line":22,"column":13}},"loc":{"start":{"line":22,"column":29},"end":{"line":28,"column":7}},"line":22},"3":{"name":"(anonymous_3)","decl":{"start":{"line":29,"column":13},"end":{"line":29,"column":14}},"loc":{"start":{"line":29,"column":19},"end":{"line":31,"column":7}},"line":29},"4":{"name":"(anonymous_4)","decl":{"start":{"line":40,"column":2},"end":{"line":40,"column":3}},"loc":{"start":{"line":40,"column":11},"end":{"line":49,"column":3}},"line":40}},"branchMap":{},"s":{"0":7,"1":7,"2":6,"3":6,"4":0,"5":0,"6":0,"7":7},"f":{"0":7,"1":6,"2":0,"3":0,"4":7},"b":{},"_coverageSchema":"43e27e138ebf9cfc5966b082cf9a028302ed4184","hash":"9107a839f809331b9a9b7f19a115bd6f6570711e"}
,"/Users/MarissaShieh/Desktop/Hack Reactor/FEC/reviews_module/client/components/Rating.jsx": {"path":"/Users/MarissaShieh/Desktop/Hack Reactor/FEC/reviews_module/client/components/Rating.jsx","statementMap":{"0":{"start":{"line":4,"column":2},"end":{"line":8,"column":4}}},"fnMap":{"0":{"name":"Rating","decl":{"start":{"line":3,"column":9},"end":{"line":3,"column":15}},"loc":{"start":{"line":3,"column":23},"end":{"line":9,"column":1}},"line":3}},"branchMap":{},"s":{"0":0},"f":{"0":0},"b":{},"_coverageSchema":"43e27e138ebf9cfc5966b082cf9a028302ed4184","hash":"b080a0ecbfadf6834598189c61976bc6e5be5c9a"}
,"/Users/MarissaShieh/Desktop/Hack Reactor/FEC/reviews_module/client/components/Ratings.jsx": {"path":"/Users/MarissaShieh/Desktop/Hack Reactor/FEC/reviews_module/client/components/Ratings.jsx","statementMap":{"0":{"start":{"line":5,"column":21},"end":{"line":5,"column":41}},"1":{"start":{"line":6,"column":17},"end":{"line":6,"column":18}},"2":{"start":{"line":7,"column":22},"end":{"line":7,"column":23}},"3":{"start":{"line":8,"column":20},"end":{"line":8,"column":21}},"4":{"start":{"line":9,"column":17},"end":{"line":9,"column":18}},"5":{"start":{"line":10,"column":16},"end":{"line":10,"column":17}},"6":{"start":{"line":11,"column":14},"end":{"line":11,"column":15}},"7":{"start":{"line":13,"column":2},"end":{"line":23,"column":5}},"8":{"start":{"line":17,"column":4},"end":{"line":17,"column":40}},"9":{"start":{"line":18,"column":4},"end":{"line":18,"column":50}},"10":{"start":{"line":19,"column":4},"end":{"line":19,"column":46}},"11":{"start":{"line":20,"column":4},"end":{"line":20,"column":40}},"12":{"start":{"line":21,"column":4},"end":{"line":21,"column":39}},"13":{"start":{"line":22,"column":4},"end":{"line":22,"column":34}},"14":{"start":{"line":25,"column":23},"end":{"line":25,"column":90}},"15":{"start":{"line":26,"column":21},"end":{"line":26,"column":50}},"16":{"start":{"line":29,"column":2},"end":{"line":38,"column":4}}},"fnMap":{"0":{"name":"Ratings","decl":{"start":{"line":4,"column":9},"end":{"line":4,"column":16}},"loc":{"start":{"line":4,"column":24},"end":{"line":39,"column":1}},"line":4},"1":{"name":"(anonymous_1)","decl":{"start":{"line":13,"column":24},"end":{"line":13,"column":25}},"loc":{"start":{"line":13,"column":36},"end":{"line":23,"column":3}},"line":13}},"branchMap":{},"s":{"0":0,"1":0,"2":0,"3":0,"4":0,"5":0,"6":0,"7":0,"8":0,"9":0,"10":0,"11":0,"12":0,"13":0,"14":0,"15":0,"16":0},"f":{"0":0,"1":0},"b":{},"_coverageSchema":"43e27e138ebf9cfc5966b082cf9a028302ed4184","hash":"847556ffd1c990dde79003a98dab97660f76a9b7"}
,"/Users/MarissaShieh/Desktop/Hack Reactor/FEC/reviews_module/client/components/Review.jsx": {"path":"/Users/MarissaShieh/Desktop/Hack Reactor/FEC/reviews_module/client/components/Review.jsx","statementMap":{"0":{"start":{"line":5,"column":2},"end":{"line":5,"column":40}},"1":{"start":{"line":6,"column":2},"end":{"line":15,"column":4}}},"fnMap":{"0":{"name":"Review","decl":{"start":{"line":4,"column":9},"end":{"line":4,"column":15}},"loc":{"start":{"line":4,"column":23},"end":{"line":16,"column":1}},"line":4}},"branchMap":{},"s":{"0":0,"1":0},"f":{"0":0},"b":{},"_coverageSchema":"43e27e138ebf9cfc5966b082cf9a028302ed4184","hash":"82b2cc9704b8f6b8d7b9ab9f6ea13cd44517963e"}
,"/Users/MarissaShieh/Desktop/Hack Reactor/FEC/reviews_module/client/components/Reviews.jsx": {"path":"/Users/MarissaShieh/Desktop/Hack Reactor/FEC/reviews_module/client/components/Reviews.jsx","statementMap":{"0":{"start":{"line":6,"column":2},"end":{"line":12,"column":4}},"1":{"start":{"line":9,"column":8},"end":{"line":9,"column":59}}},"fnMap":{"0":{"name":"Reviews","decl":{"start":{"line":4,"column":9},"end":{"line":4,"column":16}},"loc":{"start":{"line":4,"column":24},"end":{"line":13,"column":1}},"line":4},"1":{"name":"(anonymous_1)","decl":{"start":{"line":8,"column":26},"end":{"line":8,"column":27}},"loc":{"start":{"line":8,"column":38},"end":{"line":10,"column":7}},"line":8}},"branchMap":{},"s":{"0":0,"1":0},"f":{"0":0,"1":0},"b":{},"_coverageSchema":"43e27e138ebf9cfc5966b082cf9a028302ed4184","hash":"a12899f4f27fe9963de5a44b0d4908663628cc70"}
,"/Users/MarissaShieh/Desktop/Hack Reactor/FEC/reviews_module/client/components/Search.jsx": {"path":"/Users/MarissaShieh/Desktop/Hack Reactor/FEC/reviews_module/client/components/Search.jsx","statementMap":{"0":{"start":{"line":4,"column":2},"end":{"line":8,"column":4}}},"fnMap":{"0":{"name":"Search","decl":{"start":{"line":3,"column":9},"end":{"line":3,"column":15}},"loc":{"start":{"line":3,"column":18},"end":{"line":9,"column":1}},"line":3}},"branchMap":{},"s":{"0":0},"f":{"0":0},"b":{},"_coverageSchema":"43e27e138ebf9cfc5966b082cf9a028302ed4184","hash":"7a9b0750f9515b056aaa2c8e1d7f956526965ed2"}
,"/Users/MarissaShieh/Desktop/Hack Reactor/FEC/reviews_module/client/components/TotalReviews.jsx": {"path":"/Users/MarissaShieh/Desktop/Hack Reactor/FEC/reviews_module/client/components/TotalReviews.jsx","statementMap":{"0":{"start":{"line":4,"column":2},"end":{"line":8,"column":3}}},"fnMap":{"0":{"name":"TotalReviews","decl":{"start":{"line":3,"column":9},"end":{"line":3,"column":21}},"loc":{"start":{"line":3,"column":29},"end":{"line":9,"column":1}},"line":3}},"branchMap":{},"s":{"0":0},"f":{"0":0},"b":{},"_coverageSchema":"43e27e138ebf9cfc5966b082cf9a028302ed4184","hash":"0f06ba15263ac930a5eb26075b7480f6b637a6c7"}
}
