TN:
SF:/Users/MarissaShieh/Desktop/Hack Reactor/FEC/reviews_module/client/components/App.jsx
FN:10,(anonymous_0)
FN:31,(anonymous_1)
FN:33,(anonymous_2)
FN:40,(anonymous_3)
FN:45,(anonymous_4)
FN:53,(anonymous_5)
FN:61,(anonymous_6)
FNF:7
FNH:3
FNDA:7,(anonymous_0)
FNDA:6,(anonymous_1)
FNDA:0,(anonymous_2)
FNDA:0,(anonymous_3)
FNDA:0,(anonymous_4)
FNDA:0,(anonymous_5)
FNDA:7,(anonymous_6)
DA:11,7
DA:12,7
DA:27,7
DA:28,7
DA:32,6
DA:34,0
DA:41,0
DA:46,0
DA:54,0
DA:55,0
DA:63,7
DA:64,0
DA:66,7
DA:69,7
LF:14
LH:8
BRDA:54,0,0,0
BRDA:54,0,1,0
BRDA:63,1,0,0
BRDA:63,1,1,7
BRF:4
BRH:1
end_of_record
TN:
SF:/Users/MarissaShieh/Desktop/Hack Reactor/FEC/reviews_module/client/components/Rating.jsx
FN:3,Rating
FNF:1
FNH:1
FNDA:1,Rating
DA:4,1
LF:1
LH:1
BRF:0
BRH:0
end_of_record
TN:
SF:/Users/MarissaShieh/Desktop/Hack Reactor/FEC/reviews_module/client/components/Ratings.jsx
FN:4,Ratings
FN:15,(anonymous_1)
FNF:2
FNH:2
FNDA:1,Ratings
FNDA:2,(anonymous_1)
DA:6,1
DA:7,1
DA:8,1
DA:9,1
DA:10,1
DA:11,1
DA:12,1
DA:13,1
DA:15,1
DA:19,2
DA:20,2
DA:21,2
DA:22,2
DA:23,2
DA:24,2
DA:27,1
DA:28,1
DA:29,1
DA:37,1
DA:40,1
LF:20
LH:20
BRDA:6,0,0,1
BRDA:6,0,1,0
BRDA:6,1,0,1
BRDA:6,1,1,1
BRF:4
BRH:3
end_of_record
TN:
SF:/Users/MarissaShieh/Desktop/Hack Reactor/FEC/reviews_module/client/components/Review.jsx
FN:4,Review
FNF:1
FNH:1
FNDA:1,Review
DA:5,1
DA:6,1
LF:2
LH:2
BRF:0
BRH:0
end_of_record
TN:
SF:/Users/MarissaShieh/Desktop/Hack Reactor/FEC/reviews_module/client/components/Reviews.jsx
FN:4,Reviews
FN:8,(anonymous_1)
FNF:2
FNH:2
FNDA:1,Reviews
FNDA:2,(anonymous_1)
DA:6,1
DA:9,2
LF:2
LH:2
BRF:0
BRH:0
end_of_record
TN:
SF:/Users/MarissaShieh/Desktop/Hack Reactor/FEC/reviews_module/client/components/Search.jsx
FN:4,(anonymous_0)
FN:11,(anonymous_1)
FN:14,(anonymous_2)
FN:23,(anonymous_3)
FN:29,(anonymous_4)
FN:31,(anonymous_5)
FN:32,(anonymous_6)
FNF:7
FNH:2
FNDA:1,(anonymous_0)
FNDA:0,(anonymous_1)
FNDA:0,(anonymous_2)
FNDA:0,(anonymous_3)
FNDA:1,(anonymous_4)
FNDA:0,(anonymous_5)
FNDA:0,(anonymous_6)
DA:5,1
DA:6,1
DA:12,0
DA:13,0
DA:14,0
DA:15,0
DA:20,0
DA:24,0
DA:30,1
DA:31,0
DA:32,0
LF:11
LH:3
BRF:0
BRH:0
end_of_record
TN:
SF:/Users/MarissaShieh/Desktop/Hack Reactor/FEC/reviews_module/client/components/SearchStats.jsx
FN:3,SearchStats
FN:4,(anonymous_1)
FNF:2
FNH:0
FNDA:0,SearchStats
FNDA:0,(anonymous_1)
DA:4,0
DA:5,0
DA:8,0
LF:3
LH:0
BRF:0
BRH:0
end_of_record
TN:
SF:/Users/MarissaShieh/Desktop/Hack Reactor/FEC/reviews_module/client/components/TotalReviews.jsx
FN:3,TotalReviews
FNF:1
FNH:1
FNDA:1,TotalReviews
DA:4,1
LF:1
LH:1
BRF:0
BRH:0
end_of_record
