TN:
SF:/Users/MarissaShieh/Desktop/Hack Reactor/FEC/reviews_module/client/components/App.jsx
FN:9,(anonymous_0)
FN:19,(anonymous_1)
FN:22,(anonymous_2)
FN:29,(anonymous_3)
FN:40,(anonymous_4)
FNF:5
FNH:3
FNDA:7,(anonymous_0)
FNDA:6,(anonymous_1)
FNDA:0,(anonymous_2)
FNDA:0,(anonymous_3)
FNDA:7,(anonymous_4)
DA:10,7
DA:11,7
DA:20,6
DA:21,6
DA:23,0
DA:24,0
DA:30,0
DA:41,7
LF:8
LH:5
BRF:0
BRH:0
end_of_record
TN:
SF:/Users/MarissaShieh/Desktop/Hack Reactor/FEC/reviews_module/client/components/Rating.jsx
FN:3,Rating
FNF:1
FNH:0
FNDA:0,Rating
DA:4,0
LF:1
LH:0
BRF:0
BRH:0
end_of_record
TN:
SF:/Users/MarissaShieh/Desktop/Hack Reactor/FEC/reviews_module/client/components/Ratings.jsx
FN:4,Ratings
FN:13,(anonymous_1)
FNF:2
FNH:0
FNDA:0,Ratings
FNDA:0,(anonymous_1)
DA:5,0
DA:6,0
DA:7,0
DA:8,0
DA:9,0
DA:10,0
DA:11,0
DA:13,0
DA:17,0
DA:18,0
DA:19,0
DA:20,0
DA:21,0
DA:22,0
DA:25,0
DA:26,0
DA:29,0
LF:17
LH:0
BRF:0
BRH:0
end_of_record
TN:
SF:/Users/MarissaShieh/Desktop/Hack Reactor/FEC/reviews_module/client/components/Review.jsx
FN:4,Review
FNF:1
FNH:0
FNDA:0,Review
DA:5,0
DA:6,0
LF:2
LH:0
BRF:0
BRH:0
end_of_record
TN:
SF:/Users/MarissaShieh/Desktop/Hack Reactor/FEC/reviews_module/client/components/Reviews.jsx
FN:4,Reviews
FN:8,(anonymous_1)
FNF:2
FNH:0
FNDA:0,Reviews
FNDA:0,(anonymous_1)
DA:6,0
DA:9,0
LF:2
LH:0
BRF:0
BRH:0
end_of_record
TN:
SF:/Users/MarissaShieh/Desktop/Hack Reactor/FEC/reviews_module/client/components/Search.jsx
FN:3,Search
FNF:1
FNH:0
FNDA:0,Search
DA:4,0
LF:1
LH:0
BRF:0
BRH:0
end_of_record
TN:
SF:/Users/MarissaShieh/Desktop/Hack Reactor/FEC/reviews_module/client/components/TotalReviews.jsx
FN:3,TotalReviews
FNF:1
FNH:0
FNDA:0,TotalReviews
DA:4,0
LF:1
LH:0
BRF:0
BRH:0
end_of_record
